<?xml version="1.0" encoding="UTF-8"?>
<!-- Generated by org.testng.reporters.JUnitReportReporter -->
<testsuite hostname="IBM-JGL8QM3" failures="0" tests="3" name="com.qa.opencart.tests.AccountsPageTest" time="0.177" errors="0" timestamp="2025-08-23T07:28:43 IST" skipped="0">
  <testcase classname="com.qa.opencart.tests.AccountsPageTest" name="accPageURLTest" time="0.025"/>
  <testcase classname="com.qa.opencart.tests.AccountsPageTest" name="accPageTitleTest" time="0.018"/>
  <testcase classname="com.qa.opencart.tests.AccountsPageTest" name="accPageHeadersTest" time="0.134"/>
</testsuite> <!-- com.qa.opencart.tests.AccountsPageTest -->
