<?xml version="1.0" encoding="UTF-8"?>
<!-- Generated by org.testng.reporters.JUnitReportReporter -->
<testsuite hostname="IBM-JGL8QM3" failures="0" tests="1" name="com.qa.opencart.tests.SearchTest" time="10.932" errors="0" timestamp="2025-08-16T09:27:45 IST" skipped="0">
  <testcase classname="com.qa.opencart.tests.SearchTest" name="searchTest" time="10.932"/>
</testsuite> <!-- com.qa.opencart.tests.SearchTest -->
