<?xml version="1.0" encoding="UTF-8"?>
<!-- Generated by org.testng.reporters.JUnitReportReporter -->
<testsuite hostname="IBM-JGL8QM3" failures="0" tests="1" name="com.qa.opencart.tests.SearchTest" time="1.479" errors="0" timestamp="2025-08-24T09:02:11 IST" skipped="0">
  <testcase classname="com.qa.opencart.tests.SearchTest" name="searchTest" time="1.479"/>
</testsuite> <!-- com.qa.opencart.tests.SearchTest -->
