<?xml version="1.0" encoding="UTF-8"?>
<!-- Generated by org.testng.reporters.JUnitReportReporter -->
<testsuite hostname="IBM-JGL8QM3" failures="0" tests="1" name="com.qa.opencart.tests.SearchTest" time="1.551" errors="0" timestamp="2025-08-23T07:28:43 IST" skipped="0">
  <testcase classname="com.qa.opencart.tests.SearchTest" name="searchTest" time="1.551"/>
</testsuite> <!-- com.qa.opencart.tests.SearchTest -->
