<?xml version="1.0" encoding="UTF-8"?>
<!-- Generated by org.testng.reporters.JUnitReportReporter -->
<testsuite hostname="IBM-JGL8QM3" failures="0" tests="11" name="com.qa.opencart.tests.ProductInfoPageTest" time="18.977" errors="0" timestamp="2025-08-23T06:48:41 IST" skipped="0">
  <testcase classname="com.qa.opencart.tests.ProductInfoPageTest" name="productImageCountTest" time="1.606"/>
  <testcase classname="com.qa.opencart.tests.ProductInfoPageTest" name="productInfoTest" time="2.034"/>
  <testcase classname="com.qa.opencart.tests.ProductInfoPageTest" name="productHeaderTest" time="1.835"/>
  <testcase classname="com.qa.opencart.tests.ProductInfoPageTest" name="productHeaderTest" time="1.896"/>
  <testcase classname="com.qa.opencart.tests.ProductInfoPageTest" name="productImageCountTest" time="1.559"/>
  <testcase classname="com.qa.opencart.tests.ProductInfoPageTest" name="productHeaderTest" time="1.722"/>
  <testcase classname="com.qa.opencart.tests.ProductInfoPageTest" name="productHeaderTest" time="1.723"/>
  <testcase classname="com.qa.opencart.tests.ProductInfoPageTest" name="productImageCountTest" time="1.574"/>
  <testcase classname="com.qa.opencart.tests.ProductInfoPageTest" name="productImageCountTest" time="1.566"/>
  <testcase classname="com.qa.opencart.tests.ProductInfoPageTest" name="productImageCountTest" time="1.590"/>
  <testcase classname="com.qa.opencart.tests.ProductInfoPageTest" name="productHeaderTest" time="1.872"/>
</testsuite> <!-- com.qa.opencart.tests.ProductInfoPageTest -->
