<?xml version="1.0" encoding="UTF-8"?>
<!-- Generated by org.testng.reporters.JUnitReportReporter -->
<testsuite hostname="IBM-JGL8QM3" failures="0" tests="1" name="com.qa.opencart.tests.SearchTest" time="7.373" errors="0" timestamp="2025-09-03T21:05:07 IST" skipped="0">
  <testcase classname="com.qa.opencart.tests.SearchTest" name="searchTest" time="7.373"/>
</testsuite> <!-- com.qa.opencart.tests.SearchTest -->
