<?xml version="1.0" encoding="UTF-8"?>
<!-- Generated by org.testng.reporters.JUnitReportReporter -->
<testsuite hostname="IBM-JGL8QM3" failures="0" tests="1" name="com.qa.opencart.tests.RegisterPageTest" time="3.550" errors="0" timestamp="2025-08-19T17:41:52 IST" skipped="0">
  <testcase classname="com.qa.opencart.tests.RegisterPageTest" name="userRegisterTest" time="3.550"/>
</testsuite> <!-- com.qa.opencart.tests.RegisterPageTest -->
