<?xml version="1.0" encoding="UTF-8"?>
<!-- Generated by org.testng.reporters.JUnitReportReporter -->
<testsuite hostname="IBM-JGL8QM3" failures="0" tests="3" name="com.qa.opencart.tests.RegisterPageTest" time="11.026" errors="0" timestamp="2025-08-20T08:58:48 IST" skipped="0">
  <testcase classname="com.qa.opencart.tests.RegisterPageTest" name="userRegisterTest" time="4.066"/>
  <testcase classname="com.qa.opencart.tests.RegisterPageTest" name="userRegisterTest" time="3.481"/>
  <testcase classname="com.qa.opencart.tests.RegisterPageTest" name="userRegisterTest" time="3.479"/>
</testsuite> <!-- com.qa.opencart.tests.RegisterPageTest -->
