<?xml version="1.0" encoding="UTF-8"?>
<!-- Generated by org.testng.reporters.JUnitReportReporter -->
<testsuite hostname="IBM-JGL8QM3" failures="0" tests="1" name="com.qa.opencart.tests.AccountsPageTest" time="0.078" errors="0" timestamp="2025-08-16T08:10:59 IST" skipped="0">
  <testcase classname="com.qa.opencart.tests.AccountsPageTest" name="accPageHeadersTest" time="0.078"/>
</testsuite> <!-- com.qa.opencart.tests.AccountsPageTest -->
